<?xml version="1.0" encoding="UTF-8"?>
<!-- Generated by org.testng.reporters.JUnitReportReporter -->
<testsuite hostname="LAPTOP-DFLE6454" failures="0" tests="1" name="TestCase.searchFunctionlity" time="15.176" errors="0" timestamp="2022-06-12T12:28:24 IST" skipped="0">
  <testcase classname="TestCase.searchFunctionlity" name="searchfunctionality" time="15.176"/>
  <system-out/>
</testsuite> <!-- TestCase.searchFunctionlity -->
