<?xml version="1.0" encoding="UTF-8"?>
<!-- Generated by org.testng.reporters.JUnitReportReporter -->
<testsuite hostname="LAPTOP-DFLE6454" failures="0" tests="1" name="new_user_egistration.NewUserRegistrationTest" time="1.573" errors="0" timestamp="2022-06-04T19:33:15 IST" skipped="0">
  <testcase classname="new_user_egistration.NewUserRegistrationTest" name="newRegistration" time="1.573"/>
  <system-out/>
</testsuite> <!-- new_user_egistration.NewUserRegistrationTest -->
