<?xml version="1.0" encoding="UTF-8"?>
<!-- Generated by org.testng.reporters.JUnitReportReporter -->
<testsuite hostname="LAPTOP-DFLE6454" failures="0" tests="1" name="new_user_egistration.NewUserRegistration" time="5.780" errors="0" timestamp="2022-06-04T19:06:59 IST" skipped="0">
  <testcase classname="new_user_egistration.NewUserRegistration" name="newRegistration" time="5.780"/>
  <system-out/>
</testsuite> <!-- new_user_egistration.NewUserRegistration -->
