<?xml version="1.0" encoding="UTF-8"?>
<!-- Generated by org.testng.reporters.JUnitReportReporter -->
<testsuite hostname="LAPTOP-DFLE6454" failures="0" tests="1" name="TestCase.Check_Out" time="8.738" errors="0" timestamp="2022-07-11T23:17:18 IST" skipped="0">
  <testcase classname="TestCase.Check_Out" name="checkOut" time="8.738"/>
  <system-out/>
</testsuite> <!-- TestCase.Check_Out -->
