<?xml version="1.0" encoding="UTF-8"?>
<!-- Generated by org.testng.reporters.JUnitReportReporter -->
<testsuite hostname="LAPTOP-DFLE6454" failures="0" tests="1" name="login.LoginTest" time="5.369" errors="0" timestamp="2022-06-12T01:53:17 IST" skipped="0">
  <testcase classname="login.LoginTest" name="logintestwithvalidcredentials" time="5.369"/>
  <system-out/>
</testsuite> <!-- login.LoginTest -->
